<?xml version="1.0" encoding="UTF-8"?>
<testsuite xmlns:xsi="http://www.w3.org/2001/XMLSchema-instance" xsi:noNamespaceSchemaLocation="https://maven.apache.org/surefire/maven-surefire-plugin/xsd/surefire-test-report-3.0.xsd" version="3.0" name="com.example.my_todo_app.MyTodoAppApplicationTests" time="2.155" tests="3" errors="0" skipped="0" failures="0">
  <properties>
[...]
</properties>
  <testcase name="testCompanyAdminAccess" classname="com.example.my_todo_app.MyTodoAppApplicationTests" time="0.4">
    <system-out><![CDATA[15:32:38.532 [main] INFO org.springframework.test.context.support.AnnotationConfigContextLoaderUtils -- Could not detect default configuration classes for test class [com.example.my_todo_app.MyTodoAppApplicationTests]: MyTodoAppApplicationTests does not declare any static, non-private, non-final, nested classes annotated with @Configuration.
15:32:38.572 [main] INFO org.springframework.boot.test.context.SpringBootTestContextBootstrapper -- Found @SpringBootConfiguration com.example.my_todo_app.MyTodoAppApplication for test class com.example.my_todo_app.MyTodoAppApplicationTests

  .   ____          _            __ _ _
 /\\ / ___'_ __ _ _(_)_ __  __ _ \ \ \ \
( ( )\___ | '_ | '_| | '_ \/ _` | \ \ \ \
 \\/  ___)| |_)| | | | | || (_| |  ) ) ) )
  '  |____| .__|_| |_|_| |_\__, | / / / /
 =========|_|==============|___/=/_/_/_/

 :: Spring Boot ::                (v3.3.3)

2024-09-19T15:32:38.717+02:00  INFO 74064 --- [my-todo-app] [           main] c.e.m.MyTodoAppApplicationTests          : Starting MyTodoAppApplicationTests using Java 17.0.12 with PID 74064 (started by eta in /Users/eta/Documents/To-Do list)
2024-09-19T15:32:38.717+02:00  INFO 74064 --- [my-todo-app] [           main] c.e.m.MyTodoAppApplicationTests          : No active profile set, falling back to 1 default profile: "default"
2024-09-19T15:32:38.944+02:00  INFO 74064 --- [my-todo-app] [           main] .s.d.r.c.RepositoryConfigurationDelegate : Bootstrapping Spring Data JPA repositories in DEFAULT mode.
2024-09-19T15:32:38.965+02:00  INFO 74064 --- [my-todo-app] [           main] .s.d.r.c.RepositoryConfigurationDelegate : Finished Spring Data repository scanning in 18 ms. Found 2 JPA repository interfaces.
2024-09-19T15:32:39.175+02:00  INFO 74064 --- [my-todo-app] [           main] o.s.b.w.embedded.tomcat.TomcatWebServer  : Tomcat initialized with port 0 (http)
2024-09-19T15:32:39.180+02:00  INFO 74064 --- [my-todo-app] [           main] o.apache.catalina.core.StandardService   : Starting service [Tomcat]
2024-09-19T15:32:39.180+02:00  INFO 74064 --- [my-todo-app] [           main] o.apache.catalina.core.StandardEngine    : Starting Servlet engine: [Apache Tomcat/10.1.28]
2024-09-19T15:32:39.201+02:00  INFO 74064 --- [my-todo-app] [           main] o.a.c.c.C.[Tomcat].[localhost].[/]       : Initializing Spring embedded WebApplicationContext
2024-09-19T15:32:39.202+02:00  INFO 74064 --- [my-todo-app] [           main] w.s.c.ServletWebServerApplicationContext : Root WebApplicationContext: initialization completed in 479 ms
2024-09-19T15:32:39.218+02:00  INFO 74064 --- [my-todo-app] [           main] com.zaxxer.hikari.HikariDataSource       : HikariPool-1 - Starting...
2024-09-19T15:32:39.307+02:00  INFO 74064 --- [my-todo-app] [           main] com.zaxxer.hikari.pool.HikariPool        : HikariPool-1 - Added connection conn0: url=jdbc:h2:file:./data/testdb user=SA
2024-09-19T15:32:39.308+02:00  INFO 74064 --- [my-todo-app] [           main] com.zaxxer.hikari.HikariDataSource       : HikariPool-1 - Start completed.
2024-09-19T15:32:39.313+02:00  INFO 74064 --- [my-todo-app] [           main] o.s.b.a.h2.H2ConsoleAutoConfiguration    : H2 console available at '/h2-console'. Database available at 'jdbc:h2:file:./data/testdb'
2024-09-19T15:32:39.373+02:00  INFO 74064 --- [my-todo-app] [           main] o.hibernate.jpa.internal.util.LogHelper  : HHH000204: Processing PersistenceUnitInfo [name: default]
2024-09-19T15:32:39.395+02:00  INFO 74064 --- [my-todo-app] [           main] org.hibernate.Version                    : HHH000412: Hibernate ORM core version 6.5.2.Final
2024-09-19T15:32:39.408+02:00  INFO 74064 --- [my-todo-app] [           main] o.h.c.internal.RegionFactoryInitiator    : HHH000026: Second-level cache disabled
2024-09-19T15:32:39.517+02:00  INFO 74064 --- [my-todo-app] [           main] o.s.o.j.p.SpringPersistenceUnitInfo      : No LoadTimeWeaver setup: ignoring JPA class transformer
2024-09-19T15:32:39.536+02:00  WARN 74064 --- [my-todo-app] [           main] org.hibernate.orm.deprecation            : HHH90000025: H2Dialect does not need to be specified explicitly using 'hibernate.dialect' (remove the property setting and it will be selected by default)
2024-09-19T15:32:39.866+02:00  INFO 74064 --- [my-todo-app] [           main] o.h.e.t.j.p.i.JtaPlatformInitiator       : HHH000489: No JTA platform available (set 'hibernate.transaction.jta.platform' to enable JTA platform integration)
2024-09-19T15:32:39.889+02:00  INFO 74064 --- [my-todo-app] [           main] j.LocalContainerEntityManagerFactoryBean : Initialized JPA EntityManagerFactory for persistence unit 'default'
2024-09-19T15:32:40.022+02:00  WARN 74064 --- [my-todo-app] [           main] JpaBaseConfiguration$JpaWebConfiguration : spring.jpa.open-in-view is enabled by default. Therefore, database queries may be performed during view rendering. Explicitly configure spring.jpa.open-in-view to disable this warning
2024-09-19T15:32:40.156+02:00  INFO 74064 --- [my-todo-app] [           main] o.a.c.c.C.[Tomcat].[localhost].[/]       : Initializing Spring TestDispatcherServlet ''
2024-09-19T15:32:40.156+02:00  INFO 74064 --- [my-todo-app] [           main] o.s.t.web.servlet.TestDispatcherServlet  : Initializing Servlet ''
2024-09-19T15:32:40.157+02:00  INFO 74064 --- [my-todo-app] [           main] o.s.t.web.servlet.TestDispatcherServlet  : Completed initialization in 1 ms
2024-09-19T15:32:40.182+02:00  INFO 74064 --- [my-todo-app] [           main] o.s.b.w.embedded.tomcat.TomcatWebServer  : Tomcat started on port 57215 (http) with context path '/'
2024-09-19T15:32:40.187+02:00  INFO 74064 --- [my-todo-app] [           main] c.e.m.MyTodoAppApplicationTests          : Started MyTodoAppApplicationTests in 1.564 seconds (process running for 1.931)
User: com.example.my_todo_app.model.User@6def1699
Tasks: [com.example.my_todo_app.model.Task@3df496d9, com.example.my_todo_app.model.Task@13e12ab6]
]]></system-out>
  </testcase>
  <testcase name="testSuperUserAccess" classname="com.example.my_todo_app.MyTodoAppApplicationTests" time="0.015">
    <system-out><![CDATA[User: com.example.my_todo_app.model.User@3d3e9163
Tasks: [com.example.my_todo_app.model.Task@4fc9e73d, com.example.my_todo_app.model.Task@2ca3a203, com.example.my_todo_app.model.Task@58052571]
]]></system-out>
  </testcase>
  <testcase name="testStandardUserAccess" classname="com.example.my_todo_app.MyTodoAppApplicationTests" time="0.012">
    <system-out><![CDATA[User: com.example.my_todo_app.model.User@15844237
Standard User ID: 141
Standard User Role: Standard User
Tasks: [com.example.my_todo_app.model.Task@6347ebbc]
]]></system-out>
  </testcase>
</testsuite>